Open5GS daemon v2.4.1

01/04 22:12:13.692: [app] INFO: Configuration: '/etc/open5gs/amf.yaml' (../lib/app/ogs-init.c:129)
01/04 22:12:13.692: [app] INFO: File Logging: '/var/log/open5gs/amf.log' (../lib/app/ogs-init.c:132)
01/04 22:12:13.709: [sbi] INFO: nghttp2_server() [127.0.0.5]:7777 (../lib/sbi/nghttp2-server.c:144)
01/04 22:12:13.849: [amf] INFO: ngap_server() [127.0.0.5]:38412 (../src/amf/ngap-sctp.c:53)
01/04 22:12:13.849: [sbi] WARNING: [7] Failed to connect to ::1 port 7777: Connection refused (../lib/sbi/client.c:484)
01/04 22:12:13.849: [sctp] INFO: AMF initialize...done (../src/amf/app.c:33)
01/04 22:12:24.727: [amf] WARNING: [5eadf3a8-6dab-41ec-a2bf-5f79c7e72901] Retry to registration with NRF (../src/amf/nf-sm.c:161)
01/04 22:12:24.729: [amf] INFO: [5eadf3a8-6dab-41ec-a2bf-5f79c7e72901] NF registred [Heartbeat:10s] (../src/amf/nf-sm.c:198)
01/04 22:12:27.803: [amf] INFO: [6712be48-6dab-41ec-945f-fbd4673195ee] (NRF-notify) NF registered (../src/amf/nnrf-handler.c:182)
01/04 22:12:27.803: [amf] INFO: [6712be48-6dab-41ec-945f-fbd4673195ee] (NRF-notify) NF Profile updated (../src/amf/nnrf-handler.c:201)
01/04 22:12:29.936: [amf] INFO: [68428bf4-6dab-41ec-9005-93caf5fe3b67] (NRF-notify) NF registered (../src/amf/nnrf-handler.c:182)
01/04 22:12:29.936: [amf] INFO: [68428bf4-6dab-41ec-9005-93caf5fe3b67] (NRF-notify) NF Profile updated (../src/amf/nnrf-handler.c:201)
01/04 22:12:32.989: [amf] INFO: [6a2db7c2-6dab-41ec-9e1a-1b4752ba491c] (NRF-notify) NF registered (../src/amf/nnrf-handler.c:182)
01/04 22:12:32.989: [amf] INFO: [6a2db7c2-6dab-41ec-9e1a-1b4752ba491c] (NRF-notify) NF Profile updated (../src/amf/nnrf-handler.c:201)
01/04 22:12:37.632: [amf] INFO: [6cf25486-6dab-41ec-b9b3-e1e7753288a8] (NRF-notify) NF registered (../src/amf/nnrf-handler.c:182)
01/04 22:12:37.632: [amf] INFO: [6cf25486-6dab-41ec-b9b3-e1e7753288a8] (NRF-notify) NF Profile updated (../src/amf/nnrf-handler.c:201)
01/04 22:12:39.130: [amf] INFO: [6dd6cde6-6dab-41ec-85fe-d10ac095702e] (NRF-notify) NF registered (../src/amf/nnrf-handler.c:182)
01/04 22:12:39.131: [amf] INFO: [6dd6cde6-6dab-41ec-85fe-d10ac095702e] (NRF-notify) NF Profile updated (../src/amf/nnrf-handler.c:201)
01/04 22:23:21.757: [app] INFO: SIGTERM received (../src/main.c:53)
01/04 22:23:21.757: [app] INFO: Open5GS daemon terminating... (../src/main.c:216)
01/04 22:23:21.757: [amf] INFO: [5eadf3a8-6dab-41ec-a2bf-5f79c7e72901] NF de-registered (../src/amf/nf-sm.c:234)
01/04 22:23:21.762: [sctp] INFO: AMF terminate...done (../src/amf/app.c:42)
Open5GS daemon v2.4.1

01/04 22:23:22.328: [app] INFO: Configuration: '/etc/open5gs/amf.yaml' (../lib/app/ogs-init.c:129)
01/04 22:23:22.329: [app] INFO: File Logging: '/var/log/open5gs/amf.log' (../lib/app/ogs-init.c:132)
01/04 22:23:22.335: [sbi] INFO: nghttp2_server() [127.0.0.5]:7777 (../lib/sbi/nghttp2-server.c:144)
01/04 22:23:22.336: [amf] INFO: ngap_server() [10.0.2.15]:38412 (../src/amf/ngap-sctp.c:53)
01/04 22:23:22.336: [sctp] INFO: AMF initialize...done (../src/amf/app.c:33)
01/04 22:23:22.339: [amf] INFO: [ed37c2d8-6dac-41ec-b98c-7165dd6ec0e1] NF registred [Heartbeat:10s] (../src/amf/nf-sm.c:198)
01/04 22:27:46.271: [app] INFO: SIGTERM received (../src/main.c:53)
01/04 22:27:46.271: [app] INFO: Open5GS daemon terminating... (../src/main.c:216)
01/04 22:27:46.271: [amf] INFO: [ed37c2d8-6dac-41ec-b98c-7165dd6ec0e1] NF de-registered (../src/amf/nf-sm.c:234)
01/04 22:27:46.274: [sctp] INFO: AMF terminate...done (../src/amf/app.c:42)
Open5GS daemon v2.4.1

01/04 22:27:46.318: [app] INFO: Configuration: '/etc/open5gs/amf.yaml' (../lib/app/ogs-init.c:129)
01/04 22:27:46.318: [app] INFO: File Logging: '/var/log/open5gs/amf.log' (../lib/app/ogs-init.c:132)
01/04 22:27:46.322: [sbi] INFO: nghttp2_server() [127.0.0.5]:7777 (../lib/sbi/nghttp2-server.c:144)
01/04 22:27:46.322: [amf] INFO: ngap_server() [10.0.2.4]:38412 (../src/amf/ngap-sctp.c:53)
01/04 22:27:46.322: [sctp] INFO: AMF initialize...done (../src/amf/app.c:33)
01/04 22:27:46.324: [amf] INFO: [8a9147ca-6dad-41ec-b01d-b9f6e728b473] NF registred [Heartbeat:10s] (../src/amf/nf-sm.c:198)
01/04 23:22:13.377: [amf] INFO: gNB-N2 accepted[10.0.2.15]:42094 in ng-path module (../src/amf/ngap-sctp.c:105)
01/04 23:22:13.377: [amf] INFO: gNB-N2 accepted[10.0.2.15] in master_sm module (../src/amf/amf-sm.c:619)
01/04 23:22:13.377: [amf] INFO: [GNB] max_num_of_ostreams : 30 (../src/amf/context.c:854)
01/04 23:22:13.377: [amf] INFO: [Added] Number of gNBs is now 1 (../src/amf/context.c:869)
01/04 23:28:15.413: [amf] INFO: gNB-N2[10.0.2.15] connection refused!!! (../src/amf/amf-sm.c:668)
01/04 23:28:15.413: [amf] INFO: [Removed] Number of gNBs is now 0 (../src/amf/context.c:897)
01/04 23:28:21.648: [amf] INFO: gNB-N2 accepted[10.0.2.15]:51927 in ng-path module (../src/amf/ngap-sctp.c:105)
01/04 23:28:21.648: [amf] INFO: gNB-N2 accepted[10.0.2.15] in master_sm module (../src/amf/amf-sm.c:619)
01/04 23:28:21.648: [amf] INFO: [GNB] max_num_of_ostreams : 30 (../src/amf/context.c:854)
01/04 23:28:21.648: [amf] INFO: [Added] Number of gNBs is now 1 (../src/amf/context.c:869)
01/04 23:31:11.671: [amf] INFO: InitialUEMessage (../src/amf/ngap-handler.c:361)
01/04 23:31:11.671: [amf] INFO: [Added] Number of gNB-UEs is now 1 (../src/amf/context.c:2036)
01/04 23:31:11.671: [amf] INFO:     RAN_UE_NGAP_ID[1] AMF_UE_NGAP_ID[1] TAC[1] CellID[0x10] (../src/amf/ngap-handler.c:497)
01/04 23:31:11.763: [amf] INFO: [suci-0-901-70-0000-0-0-0000000001] Unknown UE by SUCI (../src/amf/context.c:1388)
01/04 23:31:11.763: [amf] INFO: [Added] Number of AMF-UEs is now 1 (../src/amf/context.c:1187)
01/04 23:31:11.763: [gmm] INFO: Registration request (../src/amf/gmm-sm.c:134)
01/04 23:31:11.763: [gmm] INFO: [suci-0-901-70-0000-0-0-0000000001]    SUCI (../src/amf/gmm-handler.c:156)
01/04 23:31:11.763: [app] WARNING: Try to discover [AUSF] (../lib/sbi/path.c:110)
01/04 23:31:11.783: [amf] INFO: [6a2db7c2-6dab-41ec-9e1a-1b4752ba491c] (NF-discover) NF registered (../src/amf/nnrf-handler.c:342)
01/04 23:31:11.783: [amf] INFO: [6a2db7c2-6dab-41ec-9e1a-1b4752ba491c] (NF-discover) NF Profile updated (../src/amf/nnrf-handler.c:402)
01/04 23:31:11.878: [gmm] WARNING: [suci-0-901-70-0000-0-0-0000000001] Cannot find SUCI [404] (../src/amf/gmm-sm.c:649)
01/04 23:31:11.878: [amf] WARNING: [suci-0-901-70-0000-0-0-0000000001] Registration reject [11] (../src/amf/nas-path.c:154)
01/04 23:31:11.880: [amf] INFO: UE Context Release [Action:3] (../src/amf/ngap-handler.c:1398)
01/04 23:31:11.880: [amf] INFO:     RAN_UE_NGAP_ID[1] AMF_UE_NGAP_ID[1] (../src/amf/ngap-handler.c:1399)
01/04 23:31:11.880: [amf] INFO:     SUCI[suci-0-901-70-0000-0-0-0000000001] (../src/amf/ngap-handler.c:1402)
01/04 23:31:11.880: [amf] INFO: [Removed] Number of gNB-UEs is now 0 (../src/amf/context.c:2042)
01/04 23:31:11.880: [amf] INFO: [Removed] Number of AMF-UEs is now 0 (../src/amf/context.c:1271)
01/04 23:31:30.291: [amf] INFO: gNB-N2[10.0.2.15] connection refused!!! (../src/amf/amf-sm.c:668)
01/04 23:31:30.292: [amf] INFO: [Removed] Number of gNBs is now 0 (../src/amf/context.c:897)
01/04 23:42:25.230: [amf] INFO: gNB-N2 accepted[10.0.2.15]:45305 in ng-path module (../src/amf/ngap-sctp.c:105)
01/04 23:42:25.230: [amf] INFO: gNB-N2 accepted[10.0.2.15] in master_sm module (../src/amf/amf-sm.c:619)
01/04 23:42:25.230: [amf] INFO: [GNB] max_num_of_ostreams : 30 (../src/amf/context.c:854)
01/04 23:42:25.241: [amf] INFO: [Added] Number of gNBs is now 1 (../src/amf/context.c:869)
01/04 23:42:55.224: [amf] INFO: InitialUEMessage (../src/amf/ngap-handler.c:361)
01/04 23:42:55.225: [amf] INFO: [Added] Number of gNB-UEs is now 1 (../src/amf/context.c:2036)
01/04 23:42:55.225: [amf] INFO:     RAN_UE_NGAP_ID[1] AMF_UE_NGAP_ID[2] TAC[1] CellID[0x10] (../src/amf/ngap-handler.c:497)
01/04 23:42:55.340: [amf] INFO: [suci-0-901-70-0000-0-0-0000000001] Unknown UE by SUCI (../src/amf/context.c:1388)
01/04 23:42:55.340: [amf] INFO: [Added] Number of AMF-UEs is now 1 (../src/amf/context.c:1187)
01/04 23:42:55.340: [gmm] INFO: Registration request (../src/amf/gmm-sm.c:134)
01/04 23:42:55.340: [gmm] INFO: [suci-0-901-70-0000-0-0-0000000001]    SUCI (../src/amf/gmm-handler.c:156)
01/04 23:42:55.442: [gmm] WARNING: Authentication failure(Synch failure) (../src/amf/gmm-sm.c:548)
01/04 23:42:55.502: [app] WARNING: Try to discover [UDM] (../lib/sbi/path.c:110)
01/04 23:42:55.505: [amf] INFO: [6dd6cde6-6dab-41ec-85fe-d10ac095702e] (NF-discover) NF registered (../src/amf/nnrf-handler.c:342)
01/04 23:42:55.506: [amf] INFO: [6dd6cde6-6dab-41ec-85fe-d10ac095702e] (NF-discover) NF Profile updated (../src/amf/nnrf-handler.c:402)
01/04 23:42:55.567: [app] WARNING: Try to discover [PCF] (../lib/sbi/path.c:110)
01/04 23:42:55.568: [amf] INFO: [6712be48-6dab-41ec-945f-fbd4673195ee] (NF-discover) NF registered (../src/amf/nnrf-handler.c:342)
01/04 23:42:55.568: [amf] INFO: [6712be48-6dab-41ec-945f-fbd4673195ee] (NF-discover) NF Profile updated (../src/amf/nnrf-handler.c:402)
01/04 23:42:55.842: [gmm] INFO: [imsi-901700000000001] Registration complete (../src/amf/gmm-sm.c:1063)
01/04 23:42:55.842: [amf] INFO: [imsi-901700000000001] Configuration update command (../src/amf/nas-path.c:389)
01/04 23:42:55.842: [gmm] INFO:     UTC [2022-01-04T23:42:55] Timezone[0]/DST[0] (../src/amf/gmm-build.c:502)
01/04 23:42:55.842: [gmm] INFO:     LOCAL [2022-01-04T23:42:55] Timezone[0]/DST[0] (../src/amf/gmm-build.c:507)
01/04 23:42:55.842: [amf] INFO: [Added] Number of AMF-Sessions is now 1 (../src/amf/context.c:2048)
01/04 23:42:55.843: [gmm] INFO: UE SUPI[imsi-901700000000001] DNN[internet] S_NSSAI[SST:1 SD:0xffffff] (../src/amf/gmm-handler.c:1042)
01/04 23:42:55.845: [app] WARNING: Try to discover [NSSF] (../lib/sbi/path.c:110)
01/04 23:42:55.846: [amf] INFO: [6cf25486-6dab-41ec-b9b3-e1e7753288a8] (NF-discover) NF registered (../src/amf/nnrf-handler.c:342)
01/04 23:42:55.846: [amf] INFO: [6cf25486-6dab-41ec-b9b3-e1e7753288a8] (NF-discover) NF Profile updated (../src/amf/nnrf-handler.c:402)
01/04 23:42:55.872: [amf] INFO: [68428bf4-6dab-41ec-9005-93caf5fe3b67] (NF-discover) NF registered (../src/amf/nnrf-handler.c:342)
01/04 23:42:55.872: [amf] INFO: [68428bf4-6dab-41ec-9005-93caf5fe3b67] (NF-discover) NF Profile updated (../src/amf/nnrf-handler.c:402)
01/04 23:45:20.953: [amf] INFO: gNB-N2[10.0.2.15] connection refused!!! (../src/amf/amf-sm.c:668)
01/04 23:45:20.953: [amf] INFO: [Removed] Number of gNBs is now 0 (../src/amf/context.c:897)
01/04 23:45:20.955: [amf] INFO: [Removed] Number of gNB-UEs is now 0 (../src/amf/context.c:2042)
01/04 23:53:54.171: [amf] INFO: gNB-N2 accepted[10.0.2.15]:33293 in ng-path module (../src/amf/ngap-sctp.c:105)
01/04 23:53:54.172: [amf] INFO: gNB-N2 accepted[10.0.2.15] in master_sm module (../src/amf/amf-sm.c:619)
01/04 23:53:54.172: [amf] INFO: [GNB] max_num_of_ostreams : 30 (../src/amf/context.c:854)
01/04 23:53:54.172: [amf] INFO: [Added] Number of gNBs is now 1 (../src/amf/context.c:869)
01/04 23:54:18.393: [amf] INFO: gNB-N2[10.0.2.15] connection refused!!! (../src/amf/amf-sm.c:668)
01/04 23:54:18.393: [amf] INFO: [Removed] Number of gNBs is now 0 (../src/amf/context.c:897)
01/04 23:55:48.860: [amf] INFO: gNB-N2 accepted[10.0.2.15]:44818 in ng-path module (../src/amf/ngap-sctp.c:105)
01/04 23:55:48.860: [amf] INFO: gNB-N2 accepted[10.0.2.15] in master_sm module (../src/amf/amf-sm.c:619)
01/04 23:55:48.860: [amf] INFO: [GNB] max_num_of_ostreams : 30 (../src/amf/context.c:854)
01/04 23:55:48.860: [amf] INFO: [Added] Number of gNBs is now 1 (../src/amf/context.c:869)
01/04 23:56:40.264: [amf] INFO: gNB-N2[10.0.2.15] connection refused!!! (../src/amf/amf-sm.c:668)
01/04 23:56:40.264: [amf] INFO: [Removed] Number of gNBs is now 0 (../src/amf/context.c:897)
01/05 00:00:24.582: [amf] INFO: gNB-N2 accepted[10.0.2.15]:41981 in ng-path module (../src/amf/ngap-sctp.c:105)
01/05 00:00:24.582: [amf] INFO: gNB-N2 accepted[10.0.2.15] in master_sm module (../src/amf/amf-sm.c:619)
01/05 00:00:24.582: [amf] INFO: [GNB] max_num_of_ostreams : 30 (../src/amf/context.c:854)
01/05 00:00:24.582: [amf] INFO: [Added] Number of gNBs is now 1 (../src/amf/context.c:869)
01/05 00:01:28.959: [amf] INFO: gNB-N2[10.0.2.15] connection refused!!! (../src/amf/amf-sm.c:668)
01/05 00:01:28.959: [amf] INFO: [Removed] Number of gNBs is now 0 (../src/amf/context.c:897)
01/05 00:03:04.895: [amf] INFO: gNB-N2 accepted[10.0.2.15]:37189 in ng-path module (../src/amf/ngap-sctp.c:105)
01/05 00:03:04.895: [amf] INFO: gNB-N2 accepted[10.0.2.15] in master_sm module (../src/amf/amf-sm.c:619)
01/05 00:03:04.895: [amf] INFO: [GNB] max_num_of_ostreams : 30 (../src/amf/context.c:854)
01/05 00:03:04.895: [amf] INFO: [Added] Number of gNBs is now 1 (../src/amf/context.c:869)
01/05 00:03:08.733: [amf] INFO: InitialUEMessage (../src/amf/ngap-handler.c:361)
01/05 00:03:08.733: [amf] INFO: [Added] Number of gNB-UEs is now 1 (../src/amf/context.c:2036)
01/05 00:03:08.733: [amf] INFO:     RAN_UE_NGAP_ID[1] AMF_UE_NGAP_ID[3] TAC[1] CellID[0x10] (../src/amf/ngap-handler.c:497)
01/05 00:03:08.733: [amf] INFO: [suci-0-901-70-0000-0-0-0000000001] known UE by SUCI (../src/amf/context.c:1386)
01/05 00:03:08.733: [gmm] INFO: Registration request (../src/amf/gmm-sm.c:134)
01/05 00:03:08.733: [gmm] INFO: [suci-0-901-70-0000-0-0-0000000001]    SUCI (../src/amf/gmm-handler.c:156)
01/05 00:03:08.845: [amf] INFO: [imsi-901700000000001:1] Release SM context [204] (../src/amf/amf-sm.c:451)
01/05 00:03:08.846: [amf] INFO: [Removed] Number of AMF-Sessions is now 0 (../src/amf/context.c:2054)
01/05 00:03:09.087: [gmm] INFO: [imsi-901700000000001] Registration complete (../src/amf/gmm-sm.c:1063)
01/05 00:03:09.087: [amf] INFO: [imsi-901700000000001] Configuration update command (../src/amf/nas-path.c:389)
01/05 00:03:09.087: [gmm] INFO:     UTC [2022-01-05T00:03:09] Timezone[0]/DST[0] (../src/amf/gmm-build.c:502)
01/05 00:03:09.087: [gmm] INFO:     LOCAL [2022-01-05T00:03:09] Timezone[0]/DST[0] (../src/amf/gmm-build.c:507)
01/05 00:03:09.088: [amf] INFO: [Added] Number of AMF-Sessions is now 1 (../src/amf/context.c:2048)
01/05 00:03:09.088: [gmm] INFO: UE SUPI[imsi-901700000000001] DNN[internet] S_NSSAI[SST:1 SD:0xffffff] (../src/amf/gmm-handler.c:1042)
01/05 00:03:33.504: [amf] INFO: gNB-N2[10.0.2.15] connection refused!!! (../src/amf/amf-sm.c:668)
01/05 00:03:33.504: [amf] INFO: [Removed] Number of gNBs is now 0 (../src/amf/context.c:897)
01/05 00:03:33.506: [amf] INFO: [Removed] Number of gNB-UEs is now 0 (../src/amf/context.c:2042)
01/05 00:32:54.597: [amf] INFO: [6a2db7c2-6dab-41ec-9e1a-1b4752ba491c] NF expired (../src/amf/nf-sm.c:303)
01/05 00:42:55.509: [amf] INFO: [6dd6cde6-6dab-41ec-85fe-d10ac095702e] NF expired (../src/amf/nf-sm.c:303)
01/05 00:42:55.569: [amf] INFO: [6712be48-6dab-41ec-945f-fbd4673195ee] NF expired (../src/amf/nf-sm.c:303)
01/05 00:42:55.847: [amf] INFO: [6cf25486-6dab-41ec-b9b3-e1e7753288a8] NF expired (../src/amf/nf-sm.c:303)
01/05 00:42:55.873: [amf] INFO: [68428bf4-6dab-41ec-9005-93caf5fe3b67] NF expired (../src/amf/nf-sm.c:303)
01/05 02:09:30.227: [amf] INFO: gNB-N2 accepted[10.0.2.15]:47379 in ng-path module (../src/amf/ngap-sctp.c:105)
01/05 02:09:30.228: [amf] INFO: gNB-N2 accepted[10.0.2.15] in master_sm module (../src/amf/amf-sm.c:619)
01/05 02:09:30.228: [amf] INFO: [GNB] max_num_of_ostreams : 30 (../src/amf/context.c:854)
01/05 02:09:30.228: [amf] INFO: [Added] Number of gNBs is now 1 (../src/amf/context.c:869)
01/05 02:09:37.222: [amf] INFO: InitialUEMessage (../src/amf/ngap-handler.c:361)
01/05 02:09:37.222: [amf] INFO: [Added] Number of gNB-UEs is now 1 (../src/amf/context.c:2036)
01/05 02:09:37.222: [amf] INFO:     RAN_UE_NGAP_ID[1] AMF_UE_NGAP_ID[4] TAC[1] CellID[0x10] (../src/amf/ngap-handler.c:497)
01/05 02:09:37.222: [amf] INFO: [suci-0-901-70-0000-0-0-0000000001] known UE by SUCI (../src/amf/context.c:1386)
01/05 02:09:37.222: [gmm] INFO: Registration request (../src/amf/gmm-sm.c:134)
01/05 02:09:37.222: [gmm] INFO: [suci-0-901-70-0000-0-0-0000000001]    SUCI (../src/amf/gmm-handler.c:156)
01/05 02:09:37.227: [amf] INFO: [imsi-901700000000001:1] Release SM context [204] (../src/amf/amf-sm.c:451)
01/05 02:09:37.227: [amf] INFO: [Removed] Number of AMF-Sessions is now 0 (../src/amf/context.c:2054)
01/05 02:09:37.455: [gmm] INFO: [imsi-901700000000001] Registration complete (../src/amf/gmm-sm.c:1063)
01/05 02:09:37.455: [amf] INFO: [imsi-901700000000001] Configuration update command (../src/amf/nas-path.c:389)
01/05 02:09:37.456: [gmm] INFO:     UTC [2022-01-05T02:09:37] Timezone[0]/DST[0] (../src/amf/gmm-build.c:502)
01/05 02:09:37.457: [gmm] INFO:     LOCAL [2022-01-05T02:09:37] Timezone[0]/DST[0] (../src/amf/gmm-build.c:507)
01/05 02:09:37.458: [amf] INFO: [Added] Number of AMF-Sessions is now 1 (../src/amf/context.c:2048)
01/05 02:09:37.459: [gmm] INFO: UE SUPI[imsi-901700000000001] DNN[internet] S_NSSAI[SST:1 SD:0xffffff] (../src/amf/gmm-handler.c:1042)
01/05 02:09:37.459: [app] WARNING: Try to discover [NSSF] (../lib/sbi/path.c:110)
01/05 02:09:37.462: [amf] WARNING: [6cf25486-6dab-41ec-b9b3-e1e7753288a8] (NF-discover) NF has already been added (../src/amf/nnrf-handler.c:347)
01/05 02:09:37.462: [amf] INFO: [6cf25486-6dab-41ec-b9b3-e1e7753288a8] (NF-discover) NF Profile updated (../src/amf/nnrf-handler.c:402)
01/05 02:09:37.467: [amf] WARNING: [68428bf4-6dab-41ec-9005-93caf5fe3b67] (NF-discover) NF has already been added (../src/amf/nnrf-handler.c:347)
01/05 02:09:37.467: [amf] INFO: [68428bf4-6dab-41ec-9005-93caf5fe3b67] (NF-discover) NF Profile updated (../src/amf/nnrf-handler.c:402)
01/05 02:09:58.760: [amf] INFO: gNB-N2[10.0.2.15] connection refused!!! (../src/amf/amf-sm.c:668)
01/05 02:09:58.760: [amf] INFO: [Removed] Number of gNBs is now 0 (../src/amf/context.c:897)
01/05 02:09:58.764: [amf] INFO: [Removed] Number of gNB-UEs is now 0 (../src/amf/context.c:2042)
01/05 02:10:58.567: [amf] INFO: gNB-N2 accepted[10.0.2.15]:52620 in ng-path module (../src/amf/ngap-sctp.c:105)
01/05 02:10:58.567: [amf] INFO: gNB-N2 accepted[10.0.2.15] in master_sm module (../src/amf/amf-sm.c:619)
01/05 02:10:58.567: [amf] INFO: [GNB] max_num_of_ostreams : 30 (../src/amf/context.c:854)
01/05 02:10:58.567: [amf] INFO: [Added] Number of gNBs is now 1 (../src/amf/context.c:869)
01/05 02:11:05.059: [amf] INFO: InitialUEMessage (../src/amf/ngap-handler.c:361)
01/05 02:11:05.059: [amf] INFO: [Added] Number of gNB-UEs is now 1 (../src/amf/context.c:2036)
01/05 02:11:05.059: [amf] INFO:     RAN_UE_NGAP_ID[1] AMF_UE_NGAP_ID[5] TAC[1] CellID[0x10] (../src/amf/ngap-handler.c:497)
01/05 02:11:05.059: [amf] INFO: [suci-0-901-70-0000-0-0-0000000001] known UE by SUCI (../src/amf/context.c:1386)
01/05 02:11:05.059: [gmm] INFO: Registration request (../src/amf/gmm-sm.c:134)
01/05 02:11:05.059: [gmm] INFO: [suci-0-901-70-0000-0-0-0000000001]    SUCI (../src/amf/gmm-handler.c:156)
01/05 02:11:05.062: [amf] INFO: [imsi-901700000000001:1] Release SM context [204] (../src/amf/amf-sm.c:451)
01/05 02:11:05.062: [amf] INFO: [Removed] Number of AMF-Sessions is now 0 (../src/amf/context.c:2054)
01/05 02:11:05.284: [gmm] INFO: [imsi-901700000000001] Registration complete (../src/amf/gmm-sm.c:1063)
01/05 02:11:05.284: [amf] INFO: [imsi-901700000000001] Configuration update command (../src/amf/nas-path.c:389)
01/05 02:11:05.284: [gmm] INFO:     UTC [2022-01-05T02:11:05] Timezone[0]/DST[0] (../src/amf/gmm-build.c:502)
01/05 02:11:05.284: [gmm] INFO:     LOCAL [2022-01-05T02:11:05] Timezone[0]/DST[0] (../src/amf/gmm-build.c:507)
01/05 02:11:05.284: [amf] INFO: [Added] Number of AMF-Sessions is now 1 (../src/amf/context.c:2048)
01/05 02:11:05.285: [gmm] INFO: UE SUPI[imsi-901700000000001] DNN[internet] S_NSSAI[SST:1 SD:0xffffff] (../src/amf/gmm-handler.c:1042)
01/05 02:11:53.261: [amf] INFO: gNB-N2[10.0.2.15] connection refused!!! (../src/amf/amf-sm.c:668)
01/05 02:11:53.262: [amf] INFO: [Removed] Number of gNBs is now 0 (../src/amf/context.c:897)
01/05 02:11:53.265: [amf] INFO: [Removed] Number of gNB-UEs is now 0 (../src/amf/context.c:2042)
Open5GS daemon v2.4.1

01/05 02:30:55.644: [app] INFO: Configuration: '/etc/open5gs/amf.yaml' (../lib/app/ogs-init.c:129)
01/05 02:30:55.644: [app] INFO: File Logging: '/var/log/open5gs/amf.log' (../lib/app/ogs-init.c:132)
01/05 02:30:55.656: [sbi] INFO: nghttp2_server() [127.0.0.5]:7777 (../lib/sbi/nghttp2-server.c:144)
01/05 02:30:56.440: [sock] ERROR: socket bind(2) [10.0.2.4]:38412 failed (99:Cannot assign requested address) (../lib/core/ogs-socket.c:109)
01/05 02:30:56.440: [sock] ERROR: sctp_server() [10.0.2.4]:38412 failed (99:Cannot assign requested address) (../lib/sctp/ogs-lksctp.c:99)
01/05 02:30:56.440: [sctp] ERROR: Failed to intialize AMF (../src/amf/app.c:30)
01/05 02:30:56.440: [app] FATAL: Open5GS initialization failed. Aborted (../src/main.c:209)
Open5GS daemon v2.4.1

01/05 02:30:58.551: [app] INFO: Configuration: '/etc/open5gs/amf.yaml' (../lib/app/ogs-init.c:129)
01/05 02:30:58.551: [app] INFO: File Logging: '/var/log/open5gs/amf.log' (../lib/app/ogs-init.c:132)
01/05 02:30:58.562: [sbi] INFO: nghttp2_server() [127.0.0.5]:7777 (../lib/sbi/nghttp2-server.c:144)
01/05 02:30:58.563: [sock] ERROR: socket bind(2) [10.0.2.4]:38412 failed (99:Cannot assign requested address) (../lib/core/ogs-socket.c:109)
01/05 02:30:58.563: [sock] ERROR: sctp_server() [10.0.2.4]:38412 failed (99:Cannot assign requested address) (../lib/sctp/ogs-lksctp.c:99)
01/05 02:30:58.563: [sctp] ERROR: Failed to intialize AMF (../src/amf/app.c:30)
01/05 02:30:58.563: [app] FATAL: Open5GS initialization failed. Aborted (../src/main.c:209)
Open5GS daemon v2.4.1

01/05 02:31:00.764: [app] INFO: Configuration: '/etc/open5gs/amf.yaml' (../lib/app/ogs-init.c:129)
01/05 02:31:00.764: [app] INFO: File Logging: '/var/log/open5gs/amf.log' (../lib/app/ogs-init.c:132)
01/05 02:31:00.783: [sbi] INFO: nghttp2_server() [127.0.0.5]:7777 (../lib/sbi/nghttp2-server.c:144)
01/05 02:31:00.784: [sock] ERROR: socket bind(2) [10.0.2.4]:38412 failed (99:Cannot assign requested address) (../lib/core/ogs-socket.c:109)
01/05 02:31:00.784: [sock] ERROR: sctp_server() [10.0.2.4]:38412 failed (99:Cannot assign requested address) (../lib/sctp/ogs-lksctp.c:99)
01/05 02:31:00.784: [sctp] ERROR: Failed to intialize AMF (../src/amf/app.c:30)
01/05 02:31:00.785: [app] FATAL: Open5GS initialization failed. Aborted (../src/main.c:209)
Open5GS daemon v2.4.1

01/05 02:31:03.082: [app] INFO: Configuration: '/etc/open5gs/amf.yaml' (../lib/app/ogs-init.c:129)
01/05 02:31:03.082: [app] INFO: File Logging: '/var/log/open5gs/amf.log' (../lib/app/ogs-init.c:132)
01/05 02:31:03.104: [sbi] INFO: nghttp2_server() [127.0.0.5]:7777 (../lib/sbi/nghttp2-server.c:144)
01/05 02:31:03.106: [sock] ERROR: socket bind(2) [10.0.2.4]:38412 failed (99:Cannot assign requested address) (../lib/core/ogs-socket.c:109)
01/05 02:31:03.106: [sock] ERROR: sctp_server() [10.0.2.4]:38412 failed (99:Cannot assign requested address) (../lib/sctp/ogs-lksctp.c:99)
01/05 02:31:03.106: [sctp] ERROR: Failed to intialize AMF (../src/amf/app.c:30)
01/05 02:31:03.107: [app] FATAL: Open5GS initialization failed. Aborted (../src/main.c:209)
Open5GS daemon v2.4.1

01/05 02:31:05.391: [app] INFO: Configuration: '/etc/open5gs/amf.yaml' (../lib/app/ogs-init.c:129)
01/05 02:31:05.391: [app] INFO: File Logging: '/var/log/open5gs/amf.log' (../lib/app/ogs-init.c:132)
01/05 02:31:05.430: [sbi] INFO: nghttp2_server() [127.0.0.5]:7777 (../lib/sbi/nghttp2-server.c:144)
01/05 02:31:05.435: [amf] INFO: ngap_server() [10.0.2.4]:38412 (../src/amf/ngap-sctp.c:53)
01/05 02:31:05.435: [sctp] INFO: AMF initialize...done (../src/amf/app.c:33)
01/05 02:31:05.438: [amf] INFO: [884b23ce-6dcf-41ec-bfbc-b13ee9baae73] NF registred [Heartbeat:10s] (../src/amf/nf-sm.c:198)
01/05 02:31:16.816: [amf] INFO: [8f13a8b6-6dcf-41ec-a88c-51c4d5ab6952] (NRF-notify) NF registered (../src/amf/nnrf-handler.c:182)
01/05 02:31:16.816: [amf] INFO: [8f13a8b6-6dcf-41ec-a88c-51c4d5ab6952] (NRF-notify) NF Profile updated (../src/amf/nnrf-handler.c:201)
01/05 02:34:33.671: [app] INFO: SIGTERM received (../src/main.c:53)
01/05 02:34:34.462: [app] INFO: Open5GS daemon terminating... (../src/main.c:216)
01/05 02:34:34.462: [amf] INFO: [884b23ce-6dcf-41ec-bfbc-b13ee9baae73] NF de-registered (../src/amf/nf-sm.c:234)
01/05 02:34:34.462: [sbi] WARNING: [7] Failed to connect to ::1 port 7777: Connection refused (../lib/sbi/client.c:484)
01/05 02:34:36.566: [sctp] INFO: AMF terminate...done (../src/amf/app.c:42)
Open5GS daemon v2.4.1

01/05 02:35:12.073: [app] INFO: Configuration: '/etc/open5gs/amf.yaml' (../lib/app/ogs-init.c:129)
01/05 02:35:12.073: [app] INFO: File Logging: '/var/log/open5gs/amf.log' (../lib/app/ogs-init.c:132)
01/05 02:35:12.081: [sbi] INFO: nghttp2_server() [127.0.0.5]:7777 (../lib/sbi/nghttp2-server.c:144)
01/05 02:35:12.687: [sock] ERROR: socket bind(2) [10.0.2.4]:38412 failed (99:Cannot assign requested address) (../lib/core/ogs-socket.c:109)
01/05 02:35:12.687: [sock] ERROR: sctp_server() [10.0.2.4]:38412 failed (99:Cannot assign requested address) (../lib/sctp/ogs-lksctp.c:99)
01/05 02:35:12.687: [sctp] ERROR: Failed to intialize AMF (../src/amf/app.c:30)
01/05 02:35:12.687: [app] FATAL: Open5GS initialization failed. Aborted (../src/main.c:209)
Open5GS daemon v2.4.1

01/05 02:35:14.999: [app] INFO: Configuration: '/etc/open5gs/amf.yaml' (../lib/app/ogs-init.c:129)
01/05 02:35:14.999: [app] INFO: File Logging: '/var/log/open5gs/amf.log' (../lib/app/ogs-init.c:132)
01/05 02:35:15.010: [sbi] INFO: nghttp2_server() [127.0.0.5]:7777 (../lib/sbi/nghttp2-server.c:144)
01/05 02:35:15.010: [sock] ERROR: socket bind(2) [10.0.2.4]:38412 failed (99:Cannot assign requested address) (../lib/core/ogs-socket.c:109)
01/05 02:35:15.011: [sock] ERROR: sctp_server() [10.0.2.4]:38412 failed (99:Cannot assign requested address) (../lib/sctp/ogs-lksctp.c:99)
01/05 02:35:15.011: [sctp] ERROR: Failed to intialize AMF (../src/amf/app.c:30)
01/05 02:35:15.011: [app] FATAL: Open5GS initialization failed. Aborted (../src/main.c:209)
Open5GS daemon v2.4.1

01/05 02:35:17.099: [app] INFO: Configuration: '/etc/open5gs/amf.yaml' (../lib/app/ogs-init.c:129)
01/05 02:35:17.100: [app] INFO: File Logging: '/var/log/open5gs/amf.log' (../lib/app/ogs-init.c:132)
01/05 02:35:17.105: [sbi] INFO: nghttp2_server() [127.0.0.5]:7777 (../lib/sbi/nghttp2-server.c:144)
01/05 02:35:17.105: [sock] ERROR: socket bind(2) [10.0.2.4]:38412 failed (99:Cannot assign requested address) (../lib/core/ogs-socket.c:109)
01/05 02:35:17.106: [sock] ERROR: sctp_server() [10.0.2.4]:38412 failed (99:Cannot assign requested address) (../lib/sctp/ogs-lksctp.c:99)
01/05 02:35:17.106: [sctp] ERROR: Failed to intialize AMF (../src/amf/app.c:30)
01/05 02:35:17.106: [app] FATAL: Open5GS initialization failed. Aborted (../src/main.c:209)
Open5GS daemon v2.4.1

01/05 02:35:19.297: [app] INFO: Configuration: '/etc/open5gs/amf.yaml' (../lib/app/ogs-init.c:129)
01/05 02:35:19.298: [app] INFO: File Logging: '/var/log/open5gs/amf.log' (../lib/app/ogs-init.c:132)
01/05 02:35:19.330: [sbi] INFO: nghttp2_server() [127.0.0.5]:7777 (../lib/sbi/nghttp2-server.c:144)
01/05 02:35:19.331: [amf] INFO: ngap_server() [10.0.2.4]:38412 (../src/amf/ngap-sctp.c:53)
01/05 02:35:19.334: [sctp] INFO: AMF initialize...done (../src/amf/app.c:33)
01/05 02:35:19.340: [amf] INFO: [1fa2353c-6dd0-41ec-a814-d15c397da8ff] NF registred [Heartbeat:10s] (../src/amf/nf-sm.c:198)
01/05 02:35:26.381: [amf] INFO: [23d3425e-6dd0-41ec-a034-2f00db544eed] (NRF-notify) NF registered (../src/amf/nnrf-handler.c:182)
01/05 02:35:26.381: [amf] INFO: [23d3425e-6dd0-41ec-a034-2f00db544eed] (NRF-notify) NF Profile updated (../src/amf/nnrf-handler.c:201)
01/05 02:37:04.512: [app] INFO: SIGTERM received (../src/main.c:53)
01/05 02:37:04.513: [app] INFO: Open5GS daemon terminating... (../src/main.c:216)
01/05 02:37:04.513: [amf] INFO: [1fa2353c-6dd0-41ec-a814-d15c397da8ff] NF de-registered (../src/amf/nf-sm.c:234)
01/05 02:37:04.530: [sctp] INFO: AMF terminate...done (../src/amf/app.c:42)
Open5GS daemon v2.4.1

01/05 02:37:20.848: [app] INFO: Configuration: '/etc/open5gs/amf.yaml' (../lib/app/ogs-init.c:129)
01/05 02:37:20.853: [app] INFO: File Logging: '/var/log/open5gs/amf.log' (../lib/app/ogs-init.c:132)
01/05 02:37:20.953: [sbi] INFO: nghttp2_server() [127.0.0.5]:7777 (../lib/sbi/nghttp2-server.c:144)
01/05 02:37:21.212: [sock] ERROR: socket bind(2) [10.0.2.4]:38412 failed (99:Cannot assign requested address) (../lib/core/ogs-socket.c:109)
01/05 02:37:21.212: [sock] ERROR: sctp_server() [10.0.2.4]:38412 failed (99:Cannot assign requested address) (../lib/sctp/ogs-lksctp.c:99)
01/05 02:37:21.212: [sctp] ERROR: Failed to intialize AMF (../src/amf/app.c:30)
01/05 02:37:21.212: [app] FATAL: Open5GS initialization failed. Aborted (../src/main.c:209)
Open5GS daemon v2.4.1

01/05 02:37:23.685: [app] INFO: Configuration: '/etc/open5gs/amf.yaml' (../lib/app/ogs-init.c:129)
01/05 02:37:23.686: [app] INFO: File Logging: '/var/log/open5gs/amf.log' (../lib/app/ogs-init.c:132)
01/05 02:37:23.757: [sbi] INFO: nghttp2_server() [127.0.0.5]:7777 (../lib/sbi/nghttp2-server.c:144)
01/05 02:37:23.760: [amf] INFO: ngap_server() [10.0.2.4]:38412 (../src/amf/ngap-sctp.c:53)
01/05 02:37:23.762: [sctp] INFO: AMF initialize...done (../src/amf/app.c:33)
01/05 02:37:23.767: [amf] INFO: [69c65328-6dd0-41ec-9da4-dd638bf47010] NF registred [Heartbeat:10s] (../src/amf/nf-sm.c:198)
01/05 02:37:30.920: [amf] INFO: [6e135e30-6dd0-41ec-a9c7-7bea0e3f2f1c] (NRF-notify) NF registered (../src/amf/nnrf-handler.c:182)
01/05 02:37:30.920: [amf] INFO: [6e135e30-6dd0-41ec-a9c7-7bea0e3f2f1c] (NRF-notify) NF Profile updated (../src/amf/nnrf-handler.c:201)
01/05 02:37:31.759: [amf] INFO: [6803881c-6dd0-41ec-9af4-a1ecde4aea2a] (NRF-notify) NF registered (../src/amf/nnrf-handler.c:182)
01/05 02:37:31.759: [amf] INFO: [6803881c-6dd0-41ec-9af4-a1ecde4aea2a] (NRF-notify) NF Profile updated (../src/amf/nnrf-handler.c:201)
01/05 02:37:31.762: [amf] INFO: [6803cf34-6dd0-41ec-af07-c5ed71df5f06] (NRF-notify) NF registered (../src/amf/nnrf-handler.c:182)
01/05 02:37:31.762: [amf] INFO: [6803cf34-6dd0-41ec-af07-c5ed71df5f06] (NRF-notify) NF Profile updated (../src/amf/nnrf-handler.c:201)
01/05 02:37:31.820: [amf] INFO: [680e5d5a-6dd0-41ec-b68d-d3d653b34059] (NRF-notify) NF registered (../src/amf/nnrf-handler.c:182)
01/05 02:37:31.820: [amf] INFO: [680e5d5a-6dd0-41ec-b68d-d3d653b34059] (NRF-notify) NF Profile updated (../src/amf/nnrf-handler.c:201)
01/05 15:35:31.560: [amf] INFO: gNB-N2 accepted[10.0.2.15]:57795 in ng-path module (../src/amf/ngap-sctp.c:105)
01/05 15:35:31.560: [amf] INFO: gNB-N2 accepted[10.0.2.15] in master_sm module (../src/amf/amf-sm.c:619)
01/05 15:35:31.560: [amf] INFO: [GNB] max_num_of_ostreams : 30 (../src/amf/context.c:854)
01/05 15:35:31.560: [amf] INFO: [Added] Number of gNBs is now 1 (../src/amf/context.c:869)
01/05 15:36:31.245: [amf] INFO: InitialUEMessage (../src/amf/ngap-handler.c:361)
01/05 15:36:31.246: [amf] INFO: [Added] Number of gNB-UEs is now 1 (../src/amf/context.c:2036)
01/05 15:36:31.246: [amf] INFO:     RAN_UE_NGAP_ID[1] AMF_UE_NGAP_ID[1] TAC[1] CellID[0x10] (../src/amf/ngap-handler.c:497)
01/05 15:36:31.376: [amf] INFO: [suci-0-901-70-0000-0-0-0000000001] Unknown UE by SUCI (../src/amf/context.c:1388)
01/05 15:36:31.376: [amf] INFO: [Added] Number of AMF-UEs is now 1 (../src/amf/context.c:1187)
01/05 15:36:31.376: [gmm] INFO: Registration request (../src/amf/gmm-sm.c:134)
01/05 15:36:31.376: [gmm] INFO: [suci-0-901-70-0000-0-0-0000000001]    SUCI (../src/amf/gmm-handler.c:156)
01/05 15:36:31.883: [gmm] INFO: [imsi-901700000000001] Registration complete (../src/amf/gmm-sm.c:1063)
01/05 15:36:31.884: [amf] INFO: [imsi-901700000000001] Configuration update command (../src/amf/nas-path.c:389)
01/05 15:36:31.884: [gmm] INFO:     UTC [2022-01-05T15:36:31] Timezone[0]/DST[0] (../src/amf/gmm-build.c:502)
01/05 15:36:31.884: [gmm] INFO:     LOCAL [2022-01-05T15:36:31] Timezone[0]/DST[0] (../src/amf/gmm-build.c:507)
01/05 15:36:31.884: [amf] INFO: [Added] Number of AMF-Sessions is now 1 (../src/amf/context.c:2048)
01/05 15:36:31.884: [gmm] INFO: UE SUPI[imsi-901700000000001] DNN[internet] S_NSSAI[SST:1 SD:0xffffff] (../src/amf/gmm-handler.c:1042)
01/05 15:36:31.892: [amf] INFO: [6845d87a-6dd0-41ec-9a68-556b240d4da6] (NF-discover) NF registered (../src/amf/nnrf-handler.c:342)
01/05 15:36:31.893: [amf] INFO: [6845d87a-6dd0-41ec-9a68-556b240d4da6] (NF-discover) NF Profile updated (../src/amf/nnrf-handler.c:402)
01/05 15:37:19.603: [amf] INFO: gNB-N2[10.0.2.15] connection refused!!! (../src/amf/amf-sm.c:668)
01/05 15:37:19.604: [amf] INFO: [Removed] Number of gNBs is now 0 (../src/amf/context.c:897)
01/05 15:37:19.608: [amf] INFO: [Removed] Number of gNB-UEs is now 0 (../src/amf/context.c:2042)
01/05 15:37:25.001: [amf] INFO: gNB-N2 accepted[10.0.2.15]:48303 in ng-path module (../src/amf/ngap-sctp.c:105)
01/05 15:37:25.001: [amf] INFO: gNB-N2 accepted[10.0.2.15] in master_sm module (../src/amf/amf-sm.c:619)
01/05 15:37:25.001: [amf] INFO: [GNB] max_num_of_ostreams : 30 (../src/amf/context.c:854)
01/05 15:37:25.001: [amf] INFO: [Added] Number of gNBs is now 1 (../src/amf/context.c:869)
01/05 15:37:28.084: [amf] INFO: InitialUEMessage (../src/amf/ngap-handler.c:361)
01/05 15:37:28.084: [amf] INFO: [Added] Number of gNB-UEs is now 1 (../src/amf/context.c:2036)
01/05 15:37:28.084: [amf] INFO:     RAN_UE_NGAP_ID[1] AMF_UE_NGAP_ID[2] TAC[1] CellID[0x10] (../src/amf/ngap-handler.c:497)
01/05 15:37:28.084: [amf] INFO: [suci-0-901-70-0000-0-0-0000000001] known UE by SUCI (../src/amf/context.c:1386)
01/05 15:37:28.085: [gmm] INFO: Registration request (../src/amf/gmm-sm.c:134)
01/05 15:37:28.085: [gmm] INFO: [suci-0-901-70-0000-0-0-0000000001]    SUCI (../src/amf/gmm-handler.c:156)
01/05 15:37:28.087: [amf] INFO: [imsi-901700000000001:1] Release SM context [204] (../src/amf/amf-sm.c:451)
01/05 15:37:28.087: [amf] INFO: [Removed] Number of AMF-Sessions is now 0 (../src/amf/context.c:2054)
01/05 15:37:28.316: [gmm] INFO: [imsi-901700000000001] Registration complete (../src/amf/gmm-sm.c:1063)
01/05 15:37:28.316: [amf] INFO: [imsi-901700000000001] Configuration update command (../src/amf/nas-path.c:389)
01/05 15:37:28.316: [gmm] INFO:     UTC [2022-01-05T15:37:28] Timezone[0]/DST[0] (../src/amf/gmm-build.c:502)
01/05 15:37:28.316: [gmm] INFO:     LOCAL [2022-01-05T15:37:28] Timezone[0]/DST[0] (../src/amf/gmm-build.c:507)
01/05 15:37:28.316: [amf] INFO: [Added] Number of AMF-Sessions is now 1 (../src/amf/context.c:2048)
01/05 15:37:28.317: [gmm] INFO: UE SUPI[imsi-901700000000001] DNN[internet] S_NSSAI[SST:1 SD:0xffffff] (../src/amf/gmm-handler.c:1042)
