01/12 22:30:08.792: [amf] INFO: gNB-N2[10.0.2.15] connection refused!!! (../src/amf/amf-sm.c:668)
01/12 22:30:08.793: [amf] INFO: [Removed] Number of gNBs is now 0 (../src/amf/context.c:897)
01/12 22:30:08.801: [amf] INFO: [Removed] Number of gNB-UEs is now 0 (../src/amf/context.c:2042)
01/12 22:31:39.719: [amf] INFO: gNB-N2 accepted[10.0.2.15]:36428 in ng-path module (../src/amf/ngap-sctp.c:105)
01/12 22:31:39.719: [amf] INFO: gNB-N2 accepted[10.0.2.15] in master_sm module (../src/amf/amf-sm.c:619)
01/12 22:31:39.719: [amf] INFO: [GNB] max_num_of_ostreams : 30 (../src/amf/context.c:854)
01/12 22:31:39.719: [amf] INFO: [Added] Number of gNBs is now 1 (../src/amf/context.c:869)
01/12 22:31:55.064: [amf] INFO: gNB-N2 accepted[10.0.2.6]:40680 in ng-path module (../src/amf/ngap-sctp.c:105)
01/12 22:31:55.064: [amf] INFO: gNB-N2 accepted[10.0.2.6] in master_sm module (../src/amf/amf-sm.c:619)
01/12 22:31:55.064: [amf] INFO: [GNB] max_num_of_ostreams : 30 (../src/amf/context.c:854)
01/12 22:31:55.064: [amf] INFO: [Added] Number of gNBs is now 2 (../src/amf/context.c:869)
01/12 22:32:11.884: [amf] INFO: InitialUEMessage (../src/amf/ngap-handler.c:361)
01/12 22:32:11.884: [amf] INFO: [Added] Number of gNB-UEs is now 1 (../src/amf/context.c:2036)
01/12 22:32:11.884: [amf] INFO:     RAN_UE_NGAP_ID[1] AMF_UE_NGAP_ID[3] TAC[1] CellID[0x10] (../src/amf/ngap-handler.c:497)
01/12 22:32:11.994: [amf] INFO: [suci-0-901-70-0000-0-0-0000000000] known UE by SUCI (../src/amf/context.c:1386)
01/12 22:32:11.994: [gmm] INFO: Registration request (../src/amf/gmm-sm.c:134)
01/12 22:32:11.994: [gmm] INFO: [suci-0-901-70-0000-0-0-0000000000]    SUCI (../src/amf/gmm-handler.c:156)
01/12 22:32:12.004: [amf] INFO: [imsi-901700000000000:1] Release SM context [204] (../src/amf/amf-sm.c:451)
01/12 22:32:12.004: [amf] INFO: [Removed] Number of AMF-Sessions is now 1 (../src/amf/context.c:2054)
01/12 22:32:12.239: [gmm] INFO: [imsi-901700000000000] Registration complete (../src/amf/gmm-sm.c:1063)
01/12 22:32:12.239: [amf] INFO: [imsi-901700000000000] Configuration update command (../src/amf/nas-path.c:389)
01/12 22:32:12.239: [gmm] INFO:     UTC [2022-01-12T22:32:12] Timezone[0]/DST[0] (../src/amf/gmm-build.c:502)
01/12 22:32:12.239: [gmm] INFO:     LOCAL [2022-01-12T22:32:12] Timezone[0]/DST[0] (../src/amf/gmm-build.c:507)
01/12 22:32:12.239: [amf] INFO: [Added] Number of AMF-Sessions is now 2 (../src/amf/context.c:2048)
01/12 22:32:12.239: [gmm] INFO: UE SUPI[imsi-901700000000000] DNN[internet] S_NSSAI[SST:1 SD:0xffffff] (../src/amf/gmm-handler.c:1042)
01/12 22:41:42.122: [amf] INFO: gNB-N2[10.0.2.6] connection refused!!! (../src/amf/amf-sm.c:668)
01/12 22:41:42.122: [amf] INFO: [Removed] Number of gNBs is now 1 (../src/amf/context.c:897)
01/12 22:41:45.063: [amf] INFO: gNB-N2 accepted[10.0.2.6]:38942 in ng-path module (../src/amf/ngap-sctp.c:105)
01/12 22:41:45.063: [amf] INFO: gNB-N2 accepted[10.0.2.6] in master_sm module (../src/amf/amf-sm.c:619)
01/12 22:41:45.063: [amf] INFO: [GNB] max_num_of_ostreams : 30 (../src/amf/context.c:854)
01/12 22:41:45.063: [amf] INFO: [Added] Number of gNBs is now 2 (../src/amf/context.c:869)
01/12 22:41:49.121: [amf] INFO: InitialUEMessage (../src/amf/ngap-handler.c:361)
01/12 22:41:49.121: [amf] INFO: [Added] Number of gNB-UEs is now 2 (../src/amf/context.c:2036)
01/12 22:41:49.121: [amf] INFO:     RAN_UE_NGAP_ID[1] AMF_UE_NGAP_ID[4] TAC[2] CellID[0x10] (../src/amf/ngap-handler.c:497)
01/12 22:41:49.121: [amf] INFO: [suci-0-901-70-0000-0-0-0000000031] known UE by SUCI (../src/amf/context.c:1386)
01/12 22:41:49.121: [gmm] INFO: Registration request (../src/amf/gmm-sm.c:134)
01/12 22:41:49.121: [gmm] INFO: [suci-0-901-70-0000-0-0-0000000031]    SUCI (../src/amf/gmm-handler.c:156)
01/12 22:41:49.128: [amf] INFO: [imsi-901700000000031:1] Release SM context [204] (../src/amf/amf-sm.c:451)
01/12 22:41:49.129: [amf] INFO: [Removed] Number of AMF-Sessions is now 1 (../src/amf/context.c:2054)
01/12 22:41:49.367: [gmm] INFO: [imsi-901700000000031] Registration complete (../src/amf/gmm-sm.c:1063)
01/12 22:41:49.367: [amf] INFO: [imsi-901700000000031] Configuration update command (../src/amf/nas-path.c:389)
01/12 22:41:49.367: [gmm] INFO:     UTC [2022-01-12T22:41:49] Timezone[0]/DST[0] (../src/amf/gmm-build.c:502)
01/12 22:41:49.367: [gmm] INFO:     LOCAL [2022-01-12T22:41:49] Timezone[0]/DST[0] (../src/amf/gmm-build.c:507)
01/12 22:41:49.367: [amf] INFO: [Added] Number of AMF-Sessions is now 2 (../src/amf/context.c:2048)
01/12 22:41:49.367: [gmm] INFO: UE SUPI[imsi-901700000000031] DNN[edge] S_NSSAI[SST:1 SD:0xffffff] (../src/amf/gmm-handler.c:1042)
01/12 22:45:43.832: [amf] INFO: gNB-N2[10.0.2.6] connection refused!!! (../src/amf/amf-sm.c:668)
01/12 22:45:43.833: [amf] INFO: [Removed] Number of gNBs is now 1 (../src/amf/context.c:897)
01/12 22:45:43.835: [amf] INFO: [Removed] Number of gNB-UEs is now 1 (../src/amf/context.c:2042)
01/12 22:45:53.153: [amf] INFO: gNB-N2[10.0.2.15] connection refused!!! (../src/amf/amf-sm.c:668)
01/12 22:45:53.153: [amf] INFO: [Removed] Number of gNBs is now 0 (../src/amf/context.c:897)
01/12 22:45:53.155: [amf] INFO: [Removed] Number of gNB-UEs is now 0 (../src/amf/context.c:2042)
01/12 22:50:28.796: [amf] INFO: [dbbbd1e8-72f2-41ec-a241-ddbe9265b53e:3] (NRF-notify) NF suspended (../src/amf/nnrf-handler.c:219)
01/12 22:50:29.491: [amf] INFO: [0a53420e-73fa-41ec-a1d6-d77e2485f53f] (NRF-notify) NF registered (../src/amf/nnrf-handler.c:182)
01/12 22:50:29.491: [amf] INFO: [0a53420e-73fa-41ec-a1d6-d77e2485f53f] (NRF-notify) NF Profile updated (../src/amf/nnrf-handler.c:201)
01/12 22:50:48.777: [amf] INFO: gNB-N2 accepted[10.0.2.15]:44012 in ng-path module (../src/amf/ngap-sctp.c:105)
01/12 22:50:48.777: [amf] INFO: gNB-N2 accepted[10.0.2.15] in master_sm module (../src/amf/amf-sm.c:619)
01/12 22:50:48.777: [amf] INFO: [GNB] max_num_of_ostreams : 30 (../src/amf/context.c:854)
01/12 22:50:48.777: [amf] INFO: [Added] Number of gNBs is now 1 (../src/amf/context.c:869)
01/12 22:50:58.790: [amf] INFO: InitialUEMessage (../src/amf/ngap-handler.c:361)
01/12 22:50:58.790: [amf] INFO: [Added] Number of gNB-UEs is now 1 (../src/amf/context.c:2036)
01/12 22:50:58.790: [amf] INFO:     RAN_UE_NGAP_ID[1] AMF_UE_NGAP_ID[5] TAC[1] CellID[0x10] (../src/amf/ngap-handler.c:497)
01/12 22:50:58.790: [amf] INFO: [suci-0-901-70-0000-0-0-0000000000] known UE by SUCI (../src/amf/context.c:1386)
01/12 22:50:58.790: [gmm] INFO: Registration request (../src/amf/gmm-sm.c:134)
01/12 22:50:58.790: [gmm] INFO: [suci-0-901-70-0000-0-0-0000000000]    SUCI (../src/amf/gmm-handler.c:156)
01/12 22:50:58.793: [amf] ERROR: [imsi-901700000000000] HTTP response error [404] (../src/amf/amf-sm.c:454)
01/12 22:50:58.794: [amf] INFO: [Removed] Number of AMF-Sessions is now 1 (../src/amf/context.c:2054)
01/12 22:50:59.027: [gmm] INFO: [imsi-901700000000000] Registration complete (../src/amf/gmm-sm.c:1063)
01/12 22:50:59.027: [amf] INFO: [imsi-901700000000000] Configuration update command (../src/amf/nas-path.c:389)
01/12 22:50:59.027: [gmm] INFO:     UTC [2022-01-12T22:50:59] Timezone[0]/DST[0] (../src/amf/gmm-build.c:502)
01/12 22:50:59.027: [gmm] INFO:     LOCAL [2022-01-12T22:50:59] Timezone[0]/DST[0] (../src/amf/gmm-build.c:507)
01/12 22:50:59.027: [amf] INFO: [Added] Number of AMF-Sessions is now 2 (../src/amf/context.c:2048)
01/12 22:50:59.027: [gmm] INFO: UE SUPI[imsi-901700000000000] DNN[internet] S_NSSAI[SST:1 SD:0xffffff] (../src/amf/gmm-handler.c:1042)
01/12 22:51:38.786: [amf] INFO: InitialUEMessage (../src/amf/ngap-handler.c:361)
01/12 22:51:38.786: [amf] INFO: [Added] Number of gNB-UEs is now 2 (../src/amf/context.c:2036)
01/12 22:51:38.786: [amf] INFO:     RAN_UE_NGAP_ID[2] AMF_UE_NGAP_ID[6] TAC[1] CellID[0x10] (../src/amf/ngap-handler.c:497)
01/12 22:51:38.786: [amf] INFO: [suci-0-901-70-0000-0-0-0000000021] Unknown UE by SUCI (../src/amf/context.c:1388)
01/12 22:51:38.786: [amf] INFO: [Added] Number of AMF-UEs is now 3 (../src/amf/context.c:1187)
01/12 22:51:38.786: [gmm] INFO: Registration request (../src/amf/gmm-sm.c:134)
01/12 22:51:38.786: [gmm] INFO: [suci-0-901-70-0000-0-0-0000000021]    SUCI (../src/amf/gmm-handler.c:156)
01/12 22:51:39.031: [gmm] INFO: [imsi-901700000000021] Registration complete (../src/amf/gmm-sm.c:1063)
01/12 22:51:39.032: [amf] INFO: [imsi-901700000000021] Configuration update command (../src/amf/nas-path.c:389)
01/12 22:51:39.032: [gmm] INFO:     UTC [2022-01-12T22:51:39] Timezone[0]/DST[0] (../src/amf/gmm-build.c:502)
01/12 22:51:39.032: [gmm] INFO:     LOCAL [2022-01-12T22:51:39] Timezone[0]/DST[0] (../src/amf/gmm-build.c:507)
01/12 22:51:39.033: [amf] INFO: [Added] Number of AMF-Sessions is now 3 (../src/amf/context.c:2048)
01/12 22:51:39.033: [gmm] INFO: UE SUPI[imsi-901700000000021] DNN[iot] S_NSSAI[SST:1 SD:0xffffff] (../src/amf/gmm-handler.c:1042)
01/12 22:53:32.703: [amf] INFO: [0a53420e-73fa-41ec-a1d6-d77e2485f53f:3] (NRF-notify) NF suspended (../src/amf/nnrf-handler.c:219)
01/12 22:53:33.021: [amf] INFO: [77b4adb0-73fa-41ec-a4b9-f7f07a17ed58] (NRF-notify) NF registered (../src/amf/nnrf-handler.c:182)
01/12 22:53:33.021: [amf] INFO: [77b4adb0-73fa-41ec-a4b9-f7f07a17ed58] (NRF-notify) NF Profile updated (../src/amf/nnrf-handler.c:201)
01/12 22:53:37.551: [amf] INFO: gNB-N2[10.0.2.15] connection refused!!! (../src/amf/amf-sm.c:668)
01/12 22:53:37.551: [amf] INFO: [Removed] Number of gNBs is now 0 (../src/amf/context.c:897)
01/12 22:53:37.554: [amf] ERROR: [1:0] Error Indication (../src/amf/nsmf-handler.c:772)
01/12 22:53:37.555: [amf] FATAL: gNB SCTP socket has already been destroyed (../src/amf/ngap-path.c:57)
0000: 00094014 00000300 0a400200 05005540   ..@......@....U@
0010: 02000100 0f400168                     .....@.h
01/12 22:53:37.556: [amf] WARNING: ngap_send_to_gnb: should not be reached. (../src/amf/ngap-path.c:59)
01/12 22:53:37.556: [core] FATAL: backtrace() returned 11 addresses (../lib/core/ogs-abort.c:37)
/usr/bin/open5gs-amfd(+0x13fd3) [0x55c9a3bdafd3]
/usr/bin/open5gs-amfd(+0x15f25) [0x55c9a3bdcf25]
/usr/bin/open5gs-amfd(+0x1607b) [0x55c9a3bdd07b]
/usr/bin/open5gs-amfd(+0x244db) [0x55c9a3beb4db]
/usr/bin/open5gs-amfd(+0x1eda5) [0x55c9a3be5da5]
/usr/lib/x86_64-linux-gnu/libogscore.so.2(ogs_fsm_dispatch+0x19) [0x7fd179fdd479]
/usr/bin/open5gs-amfd(+0x74ea) [0x55c9a3bce4ea]
/usr/lib/x86_64-linux-gnu/libogscore.so.2(+0xfa2c) [0x7fd179fd4a2c]
/usr/lib/x86_64-linux-gnu/libpthread.so.0(+0x9609) [0x7fd1798a6609]
/usr/lib/x86_64-linux-gnu/libc.so.6(clone+0x43) [0x7fd1797cd293]
Open5GS daemon v2.4.1

01/12 22:53:40.152: [app] INFO: Configuration: '/etc/open5gs/amf.yaml' (../lib/app/ogs-init.c:129)
01/12 22:53:40.152: [app] INFO: File Logging: '/var/log/open5gs/amf.log' (../lib/app/ogs-init.c:132)
01/12 22:53:40.160: [sbi] INFO: nghttp2_server() [127.0.0.5]:7777 (../lib/sbi/nghttp2-server.c:144)
01/12 22:53:40.160: [amf] INFO: ngap_server() [10.0.2.5]:38412 (../src/amf/ngap-sctp.c:53)
01/12 22:53:40.161: [sctp] INFO: AMF initialize...done (../src/amf/app.c:33)
01/12 22:53:40.164: [amf] INFO: [7c07b6fa-73fa-41ec-9610-a39df645029c] NF registred [Heartbeat:10s] (../src/amf/nf-sm.c:198)
01/12 22:53:41.589: [amf] INFO: gNB-N2 accepted[10.0.2.15]:47065 in ng-path module (../src/amf/ngap-sctp.c:105)
01/12 22:53:41.589: [amf] INFO: gNB-N2 accepted[10.0.2.15] in master_sm module (../src/amf/amf-sm.c:619)
01/12 22:53:41.589: [amf] INFO: [GNB] max_num_of_ostreams : 30 (../src/amf/context.c:854)
01/12 22:53:41.589: [amf] INFO: [Added] Number of gNBs is now 1 (../src/amf/context.c:869)
01/12 22:53:48.326: [amf] INFO: InitialUEMessage (../src/amf/ngap-handler.c:361)
01/12 22:53:48.326: [amf] INFO: [Added] Number of gNB-UEs is now 1 (../src/amf/context.c:2036)
01/12 22:53:48.326: [amf] INFO:     RAN_UE_NGAP_ID[1] AMF_UE_NGAP_ID[1] TAC[1] CellID[0x10] (../src/amf/ngap-handler.c:497)
01/12 22:53:48.418: [amf] INFO: [suci-0-901-70-0000-0-0-0000000000] Unknown UE by SUCI (../src/amf/context.c:1388)
01/12 22:53:48.418: [amf] INFO: [Added] Number of AMF-UEs is now 1 (../src/amf/context.c:1187)
01/12 22:53:48.418: [gmm] INFO: Registration request (../src/amf/gmm-sm.c:134)
01/12 22:53:48.418: [gmm] INFO: [suci-0-901-70-0000-0-0-0000000000]    SUCI (../src/amf/gmm-handler.c:156)
01/12 22:53:48.418: [app] WARNING: Try to discover [AUSF] (../lib/sbi/path.c:110)
01/12 22:53:48.421: [amf] INFO: [db206d7a-72f2-41ec-b187-458d4c40a6d1] (NF-discover) NF registered (../src/amf/nnrf-handler.c:342)
01/12 22:53:48.421: [amf] INFO: [db206d7a-72f2-41ec-b187-458d4c40a6d1] (NF-discover) NF Profile updated (../src/amf/nnrf-handler.c:402)
01/12 22:53:48.441: [app] WARNING: Try to discover [UDM] (../lib/sbi/path.c:110)
01/12 22:53:48.443: [amf] INFO: [db2023c4-72f2-41ec-9c52-5d3456e9ce9b] (NF-discover) NF registered (../src/amf/nnrf-handler.c:342)
01/12 22:53:48.443: [amf] INFO: [db2023c4-72f2-41ec-9c52-5d3456e9ce9b] (NF-discover) NF Profile updated (../src/amf/nnrf-handler.c:402)
01/12 22:53:48.448: [app] WARNING: Try to discover [PCF] (../lib/sbi/path.c:110)
01/12 22:53:48.452: [amf] INFO: [f24e297e-72f2-41ec-a89d-ddaa5fd104c1] (NF-discover) NF registered (../src/amf/nnrf-handler.c:342)
01/12 22:53:48.452: [amf] INFO: [f24e297e-72f2-41ec-a89d-ddaa5fd104c1] (NF-discover) NF Profile updated (../src/amf/nnrf-handler.c:402)
01/12 22:53:48.659: [gmm] INFO: [imsi-901700000000000] Registration complete (../src/amf/gmm-sm.c:1063)
01/12 22:53:48.659: [amf] INFO: [imsi-901700000000000] Configuration update command (../src/amf/nas-path.c:389)
01/12 22:53:48.659: [gmm] INFO:     UTC [2022-01-12T22:53:48] Timezone[0]/DST[0] (../src/amf/gmm-build.c:502)
01/12 22:53:48.659: [gmm] INFO:     LOCAL [2022-01-12T22:53:48] Timezone[0]/DST[0] (../src/amf/gmm-build.c:507)
01/12 22:53:48.659: [amf] INFO: [Added] Number of AMF-Sessions is now 1 (../src/amf/context.c:2048)
01/12 22:53:48.659: [gmm] INFO: UE SUPI[imsi-901700000000000] DNN[internet] S_NSSAI[SST:1 SD:0xffffff] (../src/amf/gmm-handler.c:1042)
01/12 22:53:48.659: [app] WARNING: Try to discover [NSSF] (../lib/sbi/path.c:110)
01/12 22:53:48.663: [amf] INFO: [db204f70-72f2-41ec-8049-8997993832d3] (NF-discover) NF registered (../src/amf/nnrf-handler.c:342)
01/12 22:53:48.663: [amf] INFO: [db204f70-72f2-41ec-8049-8997993832d3] (NF-discover) NF Profile updated (../src/amf/nnrf-handler.c:402)
01/12 22:53:48.666: [amf] INFO: [77b4adb0-73fa-41ec-a4b9-f7f07a17ed58] (NF-discover) NF registered (../src/amf/nnrf-handler.c:342)
01/12 22:53:48.667: [amf] INFO: [77b4adb0-73fa-41ec-a4b9-f7f07a17ed58] (NF-discover) NF Profile updated (../src/amf/nnrf-handler.c:402)
01/12 22:53:51.169: [amf] INFO: InitialUEMessage (../src/amf/ngap-handler.c:361)
01/12 22:53:51.169: [amf] INFO: [Added] Number of gNB-UEs is now 2 (../src/amf/context.c:2036)
01/12 22:53:51.169: [amf] INFO:     RAN_UE_NGAP_ID[2] AMF_UE_NGAP_ID[2] TAC[1] CellID[0x10] (../src/amf/ngap-handler.c:497)
01/12 22:53:51.170: [amf] INFO: [suci-0-901-70-0000-0-0-0000000021] Unknown UE by SUCI (../src/amf/context.c:1388)
01/12 22:53:51.170: [amf] INFO: [Added] Number of AMF-UEs is now 2 (../src/amf/context.c:1187)
01/12 22:53:51.170: [gmm] INFO: Registration request (../src/amf/gmm-sm.c:134)
01/12 22:53:51.170: [gmm] INFO: [suci-0-901-70-0000-0-0-0000000021]    SUCI (../src/amf/gmm-handler.c:156)
01/12 22:53:51.403: [gmm] INFO: [imsi-901700000000021] Registration complete (../src/amf/gmm-sm.c:1063)
01/12 22:53:51.403: [amf] INFO: [imsi-901700000000021] Configuration update command (../src/amf/nas-path.c:389)
01/12 22:53:51.403: [gmm] INFO:     UTC [2022-01-12T22:53:51] Timezone[0]/DST[0] (../src/amf/gmm-build.c:502)
01/12 22:53:51.403: [gmm] INFO:     LOCAL [2022-01-12T22:53:51] Timezone[0]/DST[0] (../src/amf/gmm-build.c:507)
01/12 22:53:51.403: [amf] INFO: [Added] Number of AMF-Sessions is now 2 (../src/amf/context.c:2048)
01/12 22:53:51.403: [gmm] INFO: UE SUPI[imsi-901700000000021] DNN[iot] S_NSSAI[SST:1 SD:0xffffff] (../src/amf/gmm-handler.c:1042)
01/12 22:53:56.318: [amf] INFO: gNB-N2 accepted[10.0.2.6]:57835 in ng-path module (../src/amf/ngap-sctp.c:105)
01/12 22:53:56.318: [amf] INFO: gNB-N2 accepted[10.0.2.6] in master_sm module (../src/amf/amf-sm.c:619)
01/12 22:53:56.318: [amf] INFO: [GNB] max_num_of_ostreams : 30 (../src/amf/context.c:854)
01/12 22:53:56.318: [amf] INFO: [Added] Number of gNBs is now 2 (../src/amf/context.c:869)
01/12 22:53:59.031: [amf] INFO: InitialUEMessage (../src/amf/ngap-handler.c:361)
01/12 22:53:59.031: [amf] INFO: [Added] Number of gNB-UEs is now 3 (../src/amf/context.c:2036)
01/12 22:53:59.031: [amf] INFO:     RAN_UE_NGAP_ID[1] AMF_UE_NGAP_ID[3] TAC[2] CellID[0x10] (../src/amf/ngap-handler.c:497)
01/12 22:53:59.031: [amf] INFO: [suci-0-901-70-0000-0-0-0000000031] Unknown UE by SUCI (../src/amf/context.c:1388)
01/12 22:53:59.031: [amf] INFO: [Added] Number of AMF-UEs is now 3 (../src/amf/context.c:1187)
01/12 22:53:59.031: [gmm] INFO: Registration request (../src/amf/gmm-sm.c:134)
01/12 22:53:59.031: [gmm] INFO: [suci-0-901-70-0000-0-0-0000000031]    SUCI (../src/amf/gmm-handler.c:156)
01/12 22:53:59.251: [gmm] INFO: [imsi-901700000000031] Registration complete (../src/amf/gmm-sm.c:1063)
01/12 22:53:59.251: [amf] INFO: [imsi-901700000000031] Configuration update command (../src/amf/nas-path.c:389)
01/12 22:53:59.251: [gmm] INFO:     UTC [2022-01-12T22:53:59] Timezone[0]/DST[0] (../src/amf/gmm-build.c:502)
01/12 22:53:59.251: [gmm] INFO:     LOCAL [2022-01-12T22:53:59] Timezone[0]/DST[0] (../src/amf/gmm-build.c:507)
01/12 22:53:59.251: [amf] INFO: [Added] Number of AMF-Sessions is now 3 (../src/amf/context.c:2048)
01/12 22:53:59.251: [gmm] INFO: UE SUPI[imsi-901700000000031] DNN[edge] S_NSSAI[SST:1 SD:0xffffff] (../src/amf/gmm-handler.c:1042)
01/12 22:54:06.631: [amf] INFO: InitialUEMessage (../src/amf/ngap-handler.c:361)
01/12 22:54:06.631: [amf] INFO: [Added] Number of gNB-UEs is now 4 (../src/amf/context.c:2036)
01/12 22:54:06.631: [amf] INFO:     RAN_UE_NGAP_ID[2] AMF_UE_NGAP_ID[4] TAC[2] CellID[0x10] (../src/amf/ngap-handler.c:497)
01/12 22:54:06.631: [amf] INFO: [suci-0-901-70-0000-0-0-0000000041] Unknown UE by SUCI (../src/amf/context.c:1388)
01/12 22:54:06.631: [amf] INFO: [Added] Number of AMF-UEs is now 4 (../src/amf/context.c:1187)
01/12 22:54:06.631: [gmm] INFO: Registration request (../src/amf/gmm-sm.c:134)
01/12 22:54:06.631: [gmm] INFO: [suci-0-901-70-0000-0-0-0000000041]    SUCI (../src/amf/gmm-handler.c:156)
01/12 22:54:06.851: [gmm] INFO: [imsi-901700000000041] Registration complete (../src/amf/gmm-sm.c:1063)
01/12 22:54:06.851: [amf] INFO: [imsi-901700000000041] Configuration update command (../src/amf/nas-path.c:389)
01/12 22:54:06.851: [gmm] INFO:     UTC [2022-01-12T22:54:06] Timezone[0]/DST[0] (../src/amf/gmm-build.c:502)
01/12 22:54:06.851: [gmm] INFO:     LOCAL [2022-01-12T22:54:06] Timezone[0]/DST[0] (../src/amf/gmm-build.c:507)
01/12 22:54:06.851: [amf] INFO: [Added] Number of AMF-Sessions is now 4 (../src/amf/context.c:2048)
01/12 22:54:06.851: [gmm] INFO: UE SUPI[imsi-901700000000041] DNN[mySlice] S_NSSAI[SST:1 SD:0xffffff] (../src/amf/gmm-handler.c:1042)
01/12 22:57:11.851: [amf] INFO: gNB-N2[10.0.2.15] connection refused!!! (../src/amf/amf-sm.c:668)
01/12 22:57:11.851: [amf] INFO: [Removed] Number of gNBs is now 1 (../src/amf/context.c:897)
01/12 22:57:11.855: [amf] INFO: [Removed] Number of gNB-UEs is now 3 (../src/amf/context.c:2042)
01/12 22:57:11.855: [amf] INFO: [Removed] Number of gNB-UEs is now 2 (../src/amf/context.c:2042)
01/12 22:57:21.716: [amf] INFO: gNB-N2[10.0.2.6] connection refused!!! (../src/amf/amf-sm.c:668)
01/12 22:57:21.716: [amf] INFO: [Removed] Number of gNBs is now 0 (../src/amf/context.c:897)
01/12 22:57:21.719: [amf] INFO: [Removed] Number of gNB-UEs is now 1 (../src/amf/context.c:2042)
01/12 22:57:21.719: [amf] INFO: [Removed] Number of gNB-UEs is now 0 (../src/amf/context.c:2042)
